2019-03-27 17:46:07,533 [main] INFO Hybrid Framework - Opened the URL
2019-03-27 17:46:13,192 [main] INFO Hybrid Framework - Opened the URL
2019-03-27 17:46:17,598 [main] INFO Hybrid Framework - Navigated to Login page
2019-03-27 17:46:22,702 [main] INFO Hybrid Framework - Navigated to My Account
2019-03-27 17:46:22,776 [main] INFO Hybrid Framework - Navigated to Change Password
2019-03-27 17:46:23,287 [main] INFO Hybrid Framework - Clicked Submit button
2019-03-27 17:46:26,343 [main] INFO Hybrid Framework - Loggedout from the application
2019-03-27 18:39:18,621 [main] ERROR Hybrid Framework - Unable to open login page java.lang.NullPointerException
2019-03-27 18:39:18,654 [main] ERROR Hybrid Framework - Login is unsuccessful and the error is java.lang.NullPointerException
2019-03-27 18:39:18,805 [main] ERROR Hybrid Framework - Failed to mouse over and click the element Logout Link and the exception is org.openqa.selenium.NoSuchElementException: no such element: Unable to locate element: {"method":"xpath","selector":"//a[@id='usr-icn']/span[1]"}
  (Session info: chrome=73.0.3683.86)
  (Driver info: chromedriver=2.37.544315 (730aa6a5fdba159ac9f4c1e8cbc59bf1b5ce12b7),platform=Windows NT 10.0.14393 x86_64) (WARNING: The server did not provide any stacktrace information)
Command duration or timeout: 0 milliseconds
For documentation on this error, please visit: https://www.seleniumhq.org/exceptions/no_such_element.html
Build info: version: '3.141.59', revision: 'e82be7d358', time: '2018-11-14T08:17:03'
System info: host: 'THANGAM-LT', ip: '10.0.0.2', os.name: 'Windows 10', os.arch: 'amd64', os.version: '10.0', java.version: '1.8.0_131'
Driver info: org.openqa.selenium.chrome.ChromeDriver
Capabilities {acceptInsecureCerts: false, acceptSslCerts: false, applicationCacheEnabled: false, browserConnectionEnabled: false, browserName: chrome, chrome: {chromedriverVersion: 2.37.544315 (730aa6a5fdba15..., userDataDir: C:\Users\sundar\AppData\Loc...}, cssSelectorsEnabled: true, databaseEnabled: false, handlesAlerts: true, hasTouchScreen: false, javascriptEnabled: true, locationContextEnabled: true, mobileEmulationEnabled: false, nativeEvents: true, networkConnectionEnabled: false, pageLoadStrategy: normal, platform: XP, platformName: XP, rotatable: false, setWindowRect: true, takesHeapSnapshot: true, takesScreenshot: true, unexpectedAlertBehaviour: , unhandledPromptBehavior: , version: 73.0.3683.86, webStorageEnabled: true}
Session ID: 0b5ef9977590a6f90c4244f97c4cd86a
*** Element info: {Using=xpath, value=//a[@id='usr-icn']/span[1]}
2019-03-27 18:41:54,614 [main] ERROR Hybrid Framework - Unable to open login page java.lang.NullPointerException
2019-03-27 18:41:54,659 [main] ERROR Hybrid Framework - Login is unsuccessful and the error is java.lang.NullPointerException
2019-03-27 18:41:54,786 [main] ERROR Hybrid Framework - Failed to mouse over and click the element MyAccountPage and the exception is org.openqa.selenium.NoSuchElementException: no such element: Unable to locate element: {"method":"xpath","selector":"//a[@id='usr-icn']/span[1]"}
  (Session info: chrome=73.0.3683.86)
  (Driver info: chromedriver=2.37.544315 (730aa6a5fdba159ac9f4c1e8cbc59bf1b5ce12b7),platform=Windows NT 10.0.14393 x86_64) (WARNING: The server did not provide any stacktrace information)
Command duration or timeout: 0 milliseconds
For documentation on this error, please visit: https://www.seleniumhq.org/exceptions/no_such_element.html
Build info: version: '3.141.59', revision: 'e82be7d358', time: '2018-11-14T08:17:03'
System info: host: 'THANGAM-LT', ip: '10.0.0.2', os.name: 'Windows 10', os.arch: 'amd64', os.version: '10.0', java.version: '1.8.0_131'
Driver info: org.openqa.selenium.chrome.ChromeDriver
Capabilities {acceptInsecureCerts: false, acceptSslCerts: false, applicationCacheEnabled: false, browserConnectionEnabled: false, browserName: chrome, chrome: {chromedriverVersion: 2.37.544315 (730aa6a5fdba15..., userDataDir: C:\Users\sundar\AppData\Loc...}, cssSelectorsEnabled: true, databaseEnabled: false, handlesAlerts: true, hasTouchScreen: false, javascriptEnabled: true, locationContextEnabled: true, mobileEmulationEnabled: false, nativeEvents: true, networkConnectionEnabled: false, pageLoadStrategy: normal, platform: XP, platformName: XP, rotatable: false, setWindowRect: true, takesHeapSnapshot: true, takesScreenshot: true, unexpectedAlertBehaviour: , unhandledPromptBehavior: , version: 73.0.3683.86, webStorageEnabled: true}
Session ID: 3cfc9c42b5419e245df7c1eb45cbf23e
*** Element info: {Using=xpath, value=//a[@id='usr-icn']/span[1]}
2019-03-27 18:41:54,824 [main] ERROR Hybrid Framework - Failed to click the element Change Password Tab and the exception is org.openqa.selenium.NoSuchElementException: no such element: Unable to locate element: {"method":"xpath","selector":"//*[@id='sidebar']/div/div/ul/li[2]/a"}
  (Session info: chrome=73.0.3683.86)
  (Driver info: chromedriver=2.37.544315 (730aa6a5fdba159ac9f4c1e8cbc59bf1b5ce12b7),platform=Windows NT 10.0.14393 x86_64) (WARNING: The server did not provide any stacktrace information)
Command duration or timeout: 0 milliseconds
For documentation on this error, please visit: https://www.seleniumhq.org/exceptions/no_such_element.html
Build info: version: '3.141.59', revision: 'e82be7d358', time: '2018-11-14T08:17:03'
System info: host: 'THANGAM-LT', ip: '10.0.0.2', os.name: 'Windows 10', os.arch: 'amd64', os.version: '10.0', java.version: '1.8.0_131'
Driver info: org.openqa.selenium.chrome.ChromeDriver
Capabilities {acceptInsecureCerts: false, acceptSslCerts: false, applicationCacheEnabled: false, browserConnectionEnabled: false, browserName: chrome, chrome: {chromedriverVersion: 2.37.544315 (730aa6a5fdba15..., userDataDir: C:\Users\sundar\AppData\Loc...}, cssSelectorsEnabled: true, databaseEnabled: false, handlesAlerts: true, hasTouchScreen: false, javascriptEnabled: true, locationContextEnabled: true, mobileEmulationEnabled: false, nativeEvents: true, networkConnectionEnabled: false, pageLoadStrategy: normal, platform: XP, platformName: XP, rotatable: false, setWindowRect: true, takesHeapSnapshot: true, takesScreenshot: true, unexpectedAlertBehaviour: , unhandledPromptBehavior: , version: 73.0.3683.86, webStorageEnabled: true}
Session ID: 3cfc9c42b5419e245df7c1eb45cbf23e
*** Element info: {Using=xpath, value=//*[@id='sidebar']/div/div/ul/li[2]/a}
2019-03-27 18:41:54,856 [main] ERROR Hybrid Framework - Failed to enter the input for the element Current Password and the exception is org.openqa.selenium.NoSuchElementException: no such element: Unable to locate element: {"method":"xpath","selector":"//*[@id='current_password']"}
  (Session info: chrome=73.0.3683.86)
  (Driver info: chromedriver=2.37.544315 (730aa6a5fdba159ac9f4c1e8cbc59bf1b5ce12b7),platform=Windows NT 10.0.14393 x86_64) (WARNING: The server did not provide any stacktrace information)
Command duration or timeout: 0 milliseconds
For documentation on this error, please visit: https://www.seleniumhq.org/exceptions/no_such_element.html
Build info: version: '3.141.59', revision: 'e82be7d358', time: '2018-11-14T08:17:03'
System info: host: 'THANGAM-LT', ip: '10.0.0.2', os.name: 'Windows 10', os.arch: 'amd64', os.version: '10.0', java.version: '1.8.0_131'
Driver info: org.openqa.selenium.chrome.ChromeDriver
Capabilities {acceptInsecureCerts: false, acceptSslCerts: false, applicationCacheEnabled: false, browserConnectionEnabled: false, browserName: chrome, chrome: {chromedriverVersion: 2.37.544315 (730aa6a5fdba15..., userDataDir: C:\Users\sundar\AppData\Loc...}, cssSelectorsEnabled: true, databaseEnabled: false, handlesAlerts: true, hasTouchScreen: false, javascriptEnabled: true, locationContextEnabled: true, mobileEmulationEnabled: false, nativeEvents: true, networkConnectionEnabled: false, pageLoadStrategy: normal, platform: XP, platformName: XP, rotatable: false, setWindowRect: true, takesHeapSnapshot: true, takesScreenshot: true, unexpectedAlertBehaviour: , unhandledPromptBehavior: , version: 73.0.3683.86, webStorageEnabled: true}
Session ID: 3cfc9c42b5419e245df7c1eb45cbf23e
*** Element info: {Using=xpath, value=//*[@id='current_password']}
2019-03-27 18:41:54,888 [main] ERROR Hybrid Framework - Failed to enter the input for the element New Password and the exception is org.openqa.selenium.NoSuchElementException: no such element: Unable to locate element: {"method":"xpath","selector":"//*[@id='password']"}
  (Session info: chrome=73.0.3683.86)
  (Driver info: chromedriver=2.37.544315 (730aa6a5fdba159ac9f4c1e8cbc59bf1b5ce12b7),platform=Windows NT 10.0.14393 x86_64) (WARNING: The server did not provide any stacktrace information)
Command duration or timeout: 0 milliseconds
For documentation on this error, please visit: https://www.seleniumhq.org/exceptions/no_such_element.html
Build info: version: '3.141.59', revision: 'e82be7d358', time: '2018-11-14T08:17:03'
System info: host: 'THANGAM-LT', ip: '10.0.0.2', os.name: 'Windows 10', os.arch: 'amd64', os.version: '10.0', java.version: '1.8.0_131'
Driver info: org.openqa.selenium.chrome.ChromeDriver
Capabilities {acceptInsecureCerts: false, acceptSslCerts: false, applicationCacheEnabled: false, browserConnectionEnabled: false, browserName: chrome, chrome: {chromedriverVersion: 2.37.544315 (730aa6a5fdba15..., userDataDir: C:\Users\sundar\AppData\Loc...}, cssSelectorsEnabled: true, databaseEnabled: false, handlesAlerts: true, hasTouchScreen: false, javascriptEnabled: true, locationContextEnabled: true, mobileEmulationEnabled: false, nativeEvents: true, networkConnectionEnabled: false, pageLoadStrategy: normal, platform: XP, platformName: XP, rotatable: false, setWindowRect: true, takesHeapSnapshot: true, takesScreenshot: true, unexpectedAlertBehaviour: , unhandledPromptBehavior: , version: 73.0.3683.86, webStorageEnabled: true}
Session ID: 3cfc9c42b5419e245df7c1eb45cbf23e
*** Element info: {Using=xpath, value=//*[@id='password']}
2019-03-27 18:41:54,922 [main] ERROR Hybrid Framework - Failed to enter the input for the element Confirm Password and the exception is org.openqa.selenium.NoSuchElementException: no such element: Unable to locate element: {"method":"xpath","selector":"//*[@id='confirmation']"}
  (Session info: chrome=73.0.3683.86)
  (Driver info: chromedriver=2.37.544315 (730aa6a5fdba159ac9f4c1e8cbc59bf1b5ce12b7),platform=Windows NT 10.0.14393 x86_64) (WARNING: The server did not provide any stacktrace information)
Command duration or timeout: 0 milliseconds
For documentation on this error, please visit: https://www.seleniumhq.org/exceptions/no_such_element.html
Build info: version: '3.141.59', revision: 'e82be7d358', time: '2018-11-14T08:17:03'
System info: host: 'THANGAM-LT', ip: '10.0.0.2', os.name: 'Windows 10', os.arch: 'amd64', os.version: '10.0', java.version: '1.8.0_131'
Driver info: org.openqa.selenium.chrome.ChromeDriver
Capabilities {acceptInsecureCerts: false, acceptSslCerts: false, applicationCacheEnabled: false, browserConnectionEnabled: false, browserName: chrome, chrome: {chromedriverVersion: 2.37.544315 (730aa6a5fdba15..., userDataDir: C:\Users\sundar\AppData\Loc...}, cssSelectorsEnabled: true, databaseEnabled: false, handlesAlerts: true, hasTouchScreen: false, javascriptEnabled: true, locationContextEnabled: true, mobileEmulationEnabled: false, nativeEvents: true, networkConnectionEnabled: false, pageLoadStrategy: normal, platform: XP, platformName: XP, rotatable: false, setWindowRect: true, takesHeapSnapshot: true, takesScreenshot: true, unexpectedAlertBehaviour: , unhandledPromptBehavior: , version: 73.0.3683.86, webStorageEnabled: true}
Session ID: 3cfc9c42b5419e245df7c1eb45cbf23e
*** Element info: {Using=xpath, value=//*[@id='confirmation']}
2019-03-27 18:41:54,958 [main] ERROR Hybrid Framework - Failed to click the element Submit button of Change Password and the exception is org.openqa.selenium.NoSuchElementException: no such element: Unable to locate element: {"method":"xpath","selector":"//*[@id='form-validate']/div[3]/button"}
  (Session info: chrome=73.0.3683.86)
  (Driver info: chromedriver=2.37.544315 (730aa6a5fdba159ac9f4c1e8cbc59bf1b5ce12b7),platform=Windows NT 10.0.14393 x86_64) (WARNING: The server did not provide any stacktrace information)
Command duration or timeout: 0 milliseconds
For documentation on this error, please visit: https://www.seleniumhq.org/exceptions/no_such_element.html
Build info: version: '3.141.59', revision: 'e82be7d358', time: '2018-11-14T08:17:03'
System info: host: 'THANGAM-LT', ip: '10.0.0.2', os.name: 'Windows 10', os.arch: 'amd64', os.version: '10.0', java.version: '1.8.0_131'
Driver info: org.openqa.selenium.chrome.ChromeDriver
Capabilities {acceptInsecureCerts: false, acceptSslCerts: false, applicationCacheEnabled: false, browserConnectionEnabled: false, browserName: chrome, chrome: {chromedriverVersion: 2.37.544315 (730aa6a5fdba15..., userDataDir: C:\Users\sundar\AppData\Loc...}, cssSelectorsEnabled: true, databaseEnabled: false, handlesAlerts: true, hasTouchScreen: false, javascriptEnabled: true, locationContextEnabled: true, mobileEmulationEnabled: false, nativeEvents: true, networkConnectionEnabled: false, pageLoadStrategy: normal, platform: XP, platformName: XP, rotatable: false, setWindowRect: true, takesHeapSnapshot: true, takesScreenshot: true, unexpectedAlertBehaviour: , unhandledPromptBehavior: , version: 73.0.3683.86, webStorageEnabled: true}
Session ID: 3cfc9c42b5419e245df7c1eb45cbf23e
*** Element info: {Using=xpath, value=//*[@id='form-validate']/div[3]/button}
2019-03-27 18:41:57,988 [main] ERROR Hybrid Framework - Failed to mouse over and click the element Logout Link and the exception is org.openqa.selenium.NoSuchElementException: no such element: Unable to locate element: {"method":"xpath","selector":"//a[@id='usr-icn']/span[1]"}
  (Session info: chrome=73.0.3683.86)
  (Driver info: chromedriver=2.37.544315 (730aa6a5fdba159ac9f4c1e8cbc59bf1b5ce12b7),platform=Windows NT 10.0.14393 x86_64) (WARNING: The server did not provide any stacktrace information)
Command duration or timeout: 0 milliseconds
For documentation on this error, please visit: https://www.seleniumhq.org/exceptions/no_such_element.html
Build info: version: '3.141.59', revision: 'e82be7d358', time: '2018-11-14T08:17:03'
System info: host: 'THANGAM-LT', ip: '10.0.0.2', os.name: 'Windows 10', os.arch: 'amd64', os.version: '10.0', java.version: '1.8.0_131'
Driver info: org.openqa.selenium.chrome.ChromeDriver
Capabilities {acceptInsecureCerts: false, acceptSslCerts: false, applicationCacheEnabled: false, browserConnectionEnabled: false, browserName: chrome, chrome: {chromedriverVersion: 2.37.544315 (730aa6a5fdba15..., userDataDir: C:\Users\sundar\AppData\Loc...}, cssSelectorsEnabled: true, databaseEnabled: false, handlesAlerts: true, hasTouchScreen: false, javascriptEnabled: true, locationContextEnabled: true, mobileEmulationEnabled: false, nativeEvents: true, networkConnectionEnabled: false, pageLoadStrategy: normal, platform: XP, platformName: XP, rotatable: false, setWindowRect: true, takesHeapSnapshot: true, takesScreenshot: true, unexpectedAlertBehaviour: , unhandledPromptBehavior: , version: 73.0.3683.86, webStorageEnabled: true}
Session ID: 3cfc9c42b5419e245df7c1eb45cbf23e
*** Element info: {Using=xpath, value=//a[@id='usr-icn']/span[1]}
2019-03-27 18:41:57,990 [main] INFO Hybrid Framework - Change Password is successful
2019-03-27 18:44:41,023 [main] ERROR Hybrid Framework - Unable to open login page java.lang.NullPointerException
2019-03-27 18:44:41,057 [main] ERROR Hybrid Framework - Login is unsuccessful and the error is java.lang.NullPointerException
2019-03-27 18:44:41,183 [main] ERROR Hybrid Framework - Failed to mouse over and click the element MyAccountPage and the exception is org.openqa.selenium.NoSuchElementException: no such element: Unable to locate element: {"method":"xpath","selector":"//a[@id='usr-icn']/span[1]"}
  (Session info: chrome=73.0.3683.86)
  (Driver info: chromedriver=2.37.544315 (730aa6a5fdba159ac9f4c1e8cbc59bf1b5ce12b7),platform=Windows NT 10.0.14393 x86_64) (WARNING: The server did not provide any stacktrace information)
Command duration or timeout: 0 milliseconds
For documentation on this error, please visit: https://www.seleniumhq.org/exceptions/no_such_element.html
Build info: version: '3.141.59', revision: 'e82be7d358', time: '2018-11-14T08:17:03'
System info: host: 'THANGAM-LT', ip: '10.0.0.2', os.name: 'Windows 10', os.arch: 'amd64', os.version: '10.0', java.version: '1.8.0_131'
Driver info: org.openqa.selenium.chrome.ChromeDriver
Capabilities {acceptInsecureCerts: false, acceptSslCerts: false, applicationCacheEnabled: false, browserConnectionEnabled: false, browserName: chrome, chrome: {chromedriverVersion: 2.37.544315 (730aa6a5fdba15..., userDataDir: C:\Users\sundar\AppData\Loc...}, cssSelectorsEnabled: true, databaseEnabled: false, handlesAlerts: true, hasTouchScreen: false, javascriptEnabled: true, locationContextEnabled: true, mobileEmulationEnabled: false, nativeEvents: true, networkConnectionEnabled: false, pageLoadStrategy: normal, platform: XP, platformName: XP, rotatable: false, setWindowRect: true, takesHeapSnapshot: true, takesScreenshot: true, unexpectedAlertBehaviour: , unhandledPromptBehavior: , version: 73.0.3683.86, webStorageEnabled: true}
Session ID: dcd799311ae5e89c08877365dfcf3402
*** Element info: {Using=xpath, value=//a[@id='usr-icn']/span[1]}
2019-03-27 18:44:41,218 [main] ERROR Hybrid Framework - Failed to click the element Change Password Tab and the exception is org.openqa.selenium.NoSuchElementException: no such element: Unable to locate element: {"method":"xpath","selector":"//*[@id='sidebar']/div/div/ul/li[2]/a"}
  (Session info: chrome=73.0.3683.86)
  (Driver info: chromedriver=2.37.544315 (730aa6a5fdba159ac9f4c1e8cbc59bf1b5ce12b7),platform=Windows NT 10.0.14393 x86_64) (WARNING: The server did not provide any stacktrace information)
Command duration or timeout: 0 milliseconds
For documentation on this error, please visit: https://www.seleniumhq.org/exceptions/no_such_element.html
Build info: version: '3.141.59', revision: 'e82be7d358', time: '2018-11-14T08:17:03'
System info: host: 'THANGAM-LT', ip: '10.0.0.2', os.name: 'Windows 10', os.arch: 'amd64', os.version: '10.0', java.version: '1.8.0_131'
Driver info: org.openqa.selenium.chrome.ChromeDriver
Capabilities {acceptInsecureCerts: false, acceptSslCerts: false, applicationCacheEnabled: false, browserConnectionEnabled: false, browserName: chrome, chrome: {chromedriverVersion: 2.37.544315 (730aa6a5fdba15..., userDataDir: C:\Users\sundar\AppData\Loc...}, cssSelectorsEnabled: true, databaseEnabled: false, handlesAlerts: true, hasTouchScreen: false, javascriptEnabled: true, locationContextEnabled: true, mobileEmulationEnabled: false, nativeEvents: true, networkConnectionEnabled: false, pageLoadStrategy: normal, platform: XP, platformName: XP, rotatable: false, setWindowRect: true, takesHeapSnapshot: true, takesScreenshot: true, unexpectedAlertBehaviour: , unhandledPromptBehavior: , version: 73.0.3683.86, webStorageEnabled: true}
Session ID: dcd799311ae5e89c08877365dfcf3402
*** Element info: {Using=xpath, value=//*[@id='sidebar']/div/div/ul/li[2]/a}
2019-03-27 18:44:41,248 [main] ERROR Hybrid Framework - Failed to enter the input for the element Current Password and the exception is org.openqa.selenium.NoSuchElementException: no such element: Unable to locate element: {"method":"xpath","selector":"//*[@id='current_password']"}
  (Session info: chrome=73.0.3683.86)
  (Driver info: chromedriver=2.37.544315 (730aa6a5fdba159ac9f4c1e8cbc59bf1b5ce12b7),platform=Windows NT 10.0.14393 x86_64) (WARNING: The server did not provide any stacktrace information)
Command duration or timeout: 0 milliseconds
For documentation on this error, please visit: https://www.seleniumhq.org/exceptions/no_such_element.html
Build info: version: '3.141.59', revision: 'e82be7d358', time: '2018-11-14T08:17:03'
System info: host: 'THANGAM-LT', ip: '10.0.0.2', os.name: 'Windows 10', os.arch: 'amd64', os.version: '10.0', java.version: '1.8.0_131'
Driver info: org.openqa.selenium.chrome.ChromeDriver
Capabilities {acceptInsecureCerts: false, acceptSslCerts: false, applicationCacheEnabled: false, browserConnectionEnabled: false, browserName: chrome, chrome: {chromedriverVersion: 2.37.544315 (730aa6a5fdba15..., userDataDir: C:\Users\sundar\AppData\Loc...}, cssSelectorsEnabled: true, databaseEnabled: false, handlesAlerts: true, hasTouchScreen: false, javascriptEnabled: true, locationContextEnabled: true, mobileEmulationEnabled: false, nativeEvents: true, networkConnectionEnabled: false, pageLoadStrategy: normal, platform: XP, platformName: XP, rotatable: false, setWindowRect: true, takesHeapSnapshot: true, takesScreenshot: true, unexpectedAlertBehaviour: , unhandledPromptBehavior: , version: 73.0.3683.86, webStorageEnabled: true}
Session ID: dcd799311ae5e89c08877365dfcf3402
*** Element info: {Using=xpath, value=//*[@id='current_password']}
2019-03-27 18:44:41,279 [main] ERROR Hybrid Framework - Failed to enter the input for the element New Password and the exception is org.openqa.selenium.NoSuchElementException: no such element: Unable to locate element: {"method":"xpath","selector":"//*[@id='password']"}
  (Session info: chrome=73.0.3683.86)
  (Driver info: chromedriver=2.37.544315 (730aa6a5fdba159ac9f4c1e8cbc59bf1b5ce12b7),platform=Windows NT 10.0.14393 x86_64) (WARNING: The server did not provide any stacktrace information)
Command duration or timeout: 0 milliseconds
For documentation on this error, please visit: https://www.seleniumhq.org/exceptions/no_such_element.html
Build info: version: '3.141.59', revision: 'e82be7d358', time: '2018-11-14T08:17:03'
System info: host: 'THANGAM-LT', ip: '10.0.0.2', os.name: 'Windows 10', os.arch: 'amd64', os.version: '10.0', java.version: '1.8.0_131'
Driver info: org.openqa.selenium.chrome.ChromeDriver
Capabilities {acceptInsecureCerts: false, acceptSslCerts: false, applicationCacheEnabled: false, browserConnectionEnabled: false, browserName: chrome, chrome: {chromedriverVersion: 2.37.544315 (730aa6a5fdba15..., userDataDir: C:\Users\sundar\AppData\Loc...}, cssSelectorsEnabled: true, databaseEnabled: false, handlesAlerts: true, hasTouchScreen: false, javascriptEnabled: true, locationContextEnabled: true, mobileEmulationEnabled: false, nativeEvents: true, networkConnectionEnabled: false, pageLoadStrategy: normal, platform: XP, platformName: XP, rotatable: false, setWindowRect: true, takesHeapSnapshot: true, takesScreenshot: true, unexpectedAlertBehaviour: , unhandledPromptBehavior: , version: 73.0.3683.86, webStorageEnabled: true}
Session ID: dcd799311ae5e89c08877365dfcf3402
*** Element info: {Using=xpath, value=//*[@id='password']}
2019-03-27 18:44:41,311 [main] ERROR Hybrid Framework - Failed to enter the input for the element Confirm Password and the exception is org.openqa.selenium.NoSuchElementException: no such element: Unable to locate element: {"method":"xpath","selector":"//*[@id='confirmation']"}
  (Session info: chrome=73.0.3683.86)
  (Driver info: chromedriver=2.37.544315 (730aa6a5fdba159ac9f4c1e8cbc59bf1b5ce12b7),platform=Windows NT 10.0.14393 x86_64) (WARNING: The server did not provide any stacktrace information)
Command duration or timeout: 0 milliseconds
For documentation on this error, please visit: https://www.seleniumhq.org/exceptions/no_such_element.html
Build info: version: '3.141.59', revision: 'e82be7d358', time: '2018-11-14T08:17:03'
System info: host: 'THANGAM-LT', ip: '10.0.0.2', os.name: 'Windows 10', os.arch: 'amd64', os.version: '10.0', java.version: '1.8.0_131'
Driver info: org.openqa.selenium.chrome.ChromeDriver
Capabilities {acceptInsecureCerts: false, acceptSslCerts: false, applicationCacheEnabled: false, browserConnectionEnabled: false, browserName: chrome, chrome: {chromedriverVersion: 2.37.544315 (730aa6a5fdba15..., userDataDir: C:\Users\sundar\AppData\Loc...}, cssSelectorsEnabled: true, databaseEnabled: false, handlesAlerts: true, hasTouchScreen: false, javascriptEnabled: true, locationContextEnabled: true, mobileEmulationEnabled: false, nativeEvents: true, networkConnectionEnabled: false, pageLoadStrategy: normal, platform: XP, platformName: XP, rotatable: false, setWindowRect: true, takesHeapSnapshot: true, takesScreenshot: true, unexpectedAlertBehaviour: , unhandledPromptBehavior: , version: 73.0.3683.86, webStorageEnabled: true}
Session ID: dcd799311ae5e89c08877365dfcf3402
*** Element info: {Using=xpath, value=//*[@id='confirmation']}
2019-03-27 18:44:41,351 [main] ERROR Hybrid Framework - Failed to click the element Submit button of Change Password and the exception is org.openqa.selenium.NoSuchElementException: no such element: Unable to locate element: {"method":"xpath","selector":"//*[@id='form-validate']/div[3]/button"}
  (Session info: chrome=73.0.3683.86)
  (Driver info: chromedriver=2.37.544315 (730aa6a5fdba159ac9f4c1e8cbc59bf1b5ce12b7),platform=Windows NT 10.0.14393 x86_64) (WARNING: The server did not provide any stacktrace information)
Command duration or timeout: 0 milliseconds
For documentation on this error, please visit: https://www.seleniumhq.org/exceptions/no_such_element.html
Build info: version: '3.141.59', revision: 'e82be7d358', time: '2018-11-14T08:17:03'
System info: host: 'THANGAM-LT', ip: '10.0.0.2', os.name: 'Windows 10', os.arch: 'amd64', os.version: '10.0', java.version: '1.8.0_131'
Driver info: org.openqa.selenium.chrome.ChromeDriver
Capabilities {acceptInsecureCerts: false, acceptSslCerts: false, applicationCacheEnabled: false, browserConnectionEnabled: false, browserName: chrome, chrome: {chromedriverVersion: 2.37.544315 (730aa6a5fdba15..., userDataDir: C:\Users\sundar\AppData\Loc...}, cssSelectorsEnabled: true, databaseEnabled: false, handlesAlerts: true, hasTouchScreen: false, javascriptEnabled: true, locationContextEnabled: true, mobileEmulationEnabled: false, nativeEvents: true, networkConnectionEnabled: false, pageLoadStrategy: normal, platform: XP, platformName: XP, rotatable: false, setWindowRect: true, takesHeapSnapshot: true, takesScreenshot: true, unexpectedAlertBehaviour: , unhandledPromptBehavior: , version: 73.0.3683.86, webStorageEnabled: true}
Session ID: dcd799311ae5e89c08877365dfcf3402
*** Element info: {Using=xpath, value=//*[@id='form-validate']/div[3]/button}
2019-03-27 18:44:44,386 [main] ERROR Hybrid Framework - Failed to mouse over and click the element Logout Link and the exception is org.openqa.selenium.NoSuchElementException: no such element: Unable to locate element: {"method":"xpath","selector":"//a[@id='usr-icn']/span[1]"}
  (Session info: chrome=73.0.3683.86)
  (Driver info: chromedriver=2.37.544315 (730aa6a5fdba159ac9f4c1e8cbc59bf1b5ce12b7),platform=Windows NT 10.0.14393 x86_64) (WARNING: The server did not provide any stacktrace information)
Command duration or timeout: 0 milliseconds
For documentation on this error, please visit: https://www.seleniumhq.org/exceptions/no_such_element.html
Build info: version: '3.141.59', revision: 'e82be7d358', time: '2018-11-14T08:17:03'
System info: host: 'THANGAM-LT', ip: '10.0.0.2', os.name: 'Windows 10', os.arch: 'amd64', os.version: '10.0', java.version: '1.8.0_131'
Driver info: org.openqa.selenium.chrome.ChromeDriver
Capabilities {acceptInsecureCerts: false, acceptSslCerts: false, applicationCacheEnabled: false, browserConnectionEnabled: false, browserName: chrome, chrome: {chromedriverVersion: 2.37.544315 (730aa6a5fdba15..., userDataDir: C:\Users\sundar\AppData\Loc...}, cssSelectorsEnabled: true, databaseEnabled: false, handlesAlerts: true, hasTouchScreen: false, javascriptEnabled: true, locationContextEnabled: true, mobileEmulationEnabled: false, nativeEvents: true, networkConnectionEnabled: false, pageLoadStrategy: normal, platform: XP, platformName: XP, rotatable: false, setWindowRect: true, takesHeapSnapshot: true, takesScreenshot: true, unexpectedAlertBehaviour: , unhandledPromptBehavior: , version: 73.0.3683.86, webStorageEnabled: true}
Session ID: dcd799311ae5e89c08877365dfcf3402
*** Element info: {Using=xpath, value=//a[@id='usr-icn']/span[1]}
2019-03-27 18:44:44,390 [main] INFO Hybrid Framework - Change Password is successful
2019-03-27 18:47:15,457 [main] ERROR Hybrid Framework - Unable to open login page java.lang.NullPointerException
2019-03-27 18:47:15,482 [main] ERROR Hybrid Framework - Login is unsuccessful and the error is java.lang.NullPointerException
2019-03-27 18:47:15,602 [main] ERROR Hybrid Framework - Failed to mouse over and click the element Logout Link and the exception is org.openqa.selenium.NoSuchElementException: no such element: Unable to locate element: {"method":"xpath","selector":"//a[@id='usr-icn']/span[1]"}
  (Session info: chrome=73.0.3683.86)
  (Driver info: chromedriver=2.37.544315 (730aa6a5fdba159ac9f4c1e8cbc59bf1b5ce12b7),platform=Windows NT 10.0.14393 x86_64) (WARNING: The server did not provide any stacktrace information)
Command duration or timeout: 0 milliseconds
For documentation on this error, please visit: https://www.seleniumhq.org/exceptions/no_such_element.html
Build info: version: '3.141.59', revision: 'e82be7d358', time: '2018-11-14T08:17:03'
System info: host: 'THANGAM-LT', ip: '10.0.0.2', os.name: 'Windows 10', os.arch: 'amd64', os.version: '10.0', java.version: '1.8.0_131'
Driver info: org.openqa.selenium.chrome.ChromeDriver
Capabilities {acceptInsecureCerts: false, acceptSslCerts: false, applicationCacheEnabled: false, browserConnectionEnabled: false, browserName: chrome, chrome: {chromedriverVersion: 2.37.544315 (730aa6a5fdba15..., userDataDir: C:\Users\sundar\AppData\Loc...}, cssSelectorsEnabled: true, databaseEnabled: false, handlesAlerts: true, hasTouchScreen: false, javascriptEnabled: true, locationContextEnabled: true, mobileEmulationEnabled: false, nativeEvents: true, networkConnectionEnabled: false, pageLoadStrategy: normal, platform: XP, platformName: XP, rotatable: false, setWindowRect: true, takesHeapSnapshot: true, takesScreenshot: true, unexpectedAlertBehaviour: , unhandledPromptBehavior: , version: 73.0.3683.86, webStorageEnabled: true}
Session ID: 17693b5e6809885e52d0252fc8d205bc
*** Element info: {Using=xpath, value=//a[@id='usr-icn']/span[1]}
2019-03-27 18:48:20,883 [main] INFO Hybrid Framework - Opened URL
2019-03-27 18:48:25,356 [main] INFO Hybrid Framework - Mouseover and click is successful for the element LoginLink
2019-03-27 18:48:25,376 [main] ERROR Hybrid Framework - Login is unsuccessful and the error is java.lang.NullPointerException
2019-03-27 18:48:25,508 [main] ERROR Hybrid Framework - Failed to mouse over and click the element Logout Link and the exception is org.openqa.selenium.NoSuchElementException: no such element: Unable to locate element: {"method":"xpath","selector":"//ul[@id='usr-menu']/li[5]/a"}
  (Session info: chrome=73.0.3683.86)
  (Driver info: chromedriver=2.37.544315 (730aa6a5fdba159ac9f4c1e8cbc59bf1b5ce12b7),platform=Windows NT 10.0.14393 x86_64) (WARNING: The server did not provide any stacktrace information)
Command duration or timeout: 0 milliseconds
For documentation on this error, please visit: https://www.seleniumhq.org/exceptions/no_such_element.html
Build info: version: '3.141.59', revision: 'e82be7d358', time: '2018-11-14T08:17:03'
System info: host: 'THANGAM-LT', ip: '10.0.0.2', os.name: 'Windows 10', os.arch: 'amd64', os.version: '10.0', java.version: '1.8.0_131'
Driver info: org.openqa.selenium.chrome.ChromeDriver
Capabilities {acceptInsecureCerts: false, acceptSslCerts: false, applicationCacheEnabled: false, browserConnectionEnabled: false, browserName: chrome, chrome: {chromedriverVersion: 2.37.544315 (730aa6a5fdba15..., userDataDir: C:\Users\sundar\AppData\Loc...}, cssSelectorsEnabled: true, databaseEnabled: false, handlesAlerts: true, hasTouchScreen: false, javascriptEnabled: true, locationContextEnabled: true, mobileEmulationEnabled: false, nativeEvents: true, networkConnectionEnabled: false, pageLoadStrategy: normal, platform: XP, platformName: XP, rotatable: false, setWindowRect: true, takesHeapSnapshot: true, takesScreenshot: true, unexpectedAlertBehaviour: , unhandledPromptBehavior: , version: 73.0.3683.86, webStorageEnabled: true}
Session ID: 790ba482813b2f48c383fb6050dead59
*** Element info: {Using=xpath, value=//ul[@id='usr-menu']/li[5]/a}
2019-03-27 18:50:04,012 [main] ERROR Hybrid Framework - Unable to open login page java.lang.NullPointerException
2019-03-27 18:50:04,060 [main] ERROR Hybrid Framework - Login is unsuccessful and the error is java.lang.NullPointerException
2019-03-27 18:50:04,225 [main] ERROR Hybrid Framework - Failed to mouse over and click the element Logout Link and the exception is org.openqa.selenium.NoSuchElementException: no such element: Unable to locate element: {"method":"xpath","selector":"//a[@id='usr-icn']/span[1]"}
  (Session info: chrome=73.0.3683.86)
  (Driver info: chromedriver=2.37.544315 (730aa6a5fdba159ac9f4c1e8cbc59bf1b5ce12b7),platform=Windows NT 10.0.14393 x86_64) (WARNING: The server did not provide any stacktrace information)
Command duration or timeout: 0 milliseconds
For documentation on this error, please visit: https://www.seleniumhq.org/exceptions/no_such_element.html
Build info: version: '3.141.59', revision: 'e82be7d358', time: '2018-11-14T08:17:03'
System info: host: 'THANGAM-LT', ip: '10.0.0.2', os.name: 'Windows 10', os.arch: 'amd64', os.version: '10.0', java.version: '1.8.0_131'
Driver info: org.openqa.selenium.chrome.ChromeDriver
Capabilities {acceptInsecureCerts: false, acceptSslCerts: false, applicationCacheEnabled: false, browserConnectionEnabled: false, browserName: chrome, chrome: {chromedriverVersion: 2.37.544315 (730aa6a5fdba15..., userDataDir: C:\Users\sundar\AppData\Loc...}, cssSelectorsEnabled: true, databaseEnabled: false, handlesAlerts: true, hasTouchScreen: false, javascriptEnabled: true, locationContextEnabled: true, mobileEmulationEnabled: false, nativeEvents: true, networkConnectionEnabled: false, pageLoadStrategy: normal, platform: XP, platformName: XP, rotatable: false, setWindowRect: true, takesHeapSnapshot: true, takesScreenshot: true, unexpectedAlertBehaviour: , unhandledPromptBehavior: , version: 73.0.3683.86, webStorageEnabled: true}
Session ID: 92119db02c059290cb9182a3c12e74ea
*** Element info: {Using=xpath, value=//a[@id='usr-icn']/span[1]}
2019-03-27 18:51:02,079 [main] INFO Hybrid Framework - Opened URL
2019-03-27 18:51:12,087 [main] ERROR Hybrid Framework - Unable to open login page java.lang.NullPointerException
2019-03-27 18:51:12,121 [main] ERROR Hybrid Framework - Login is unsuccessful and the error is java.lang.NullPointerException
2019-03-27 18:51:12,309 [main] ERROR Hybrid Framework - Failed to mouse over and click the element Logout Link and the exception is org.openqa.selenium.NoSuchElementException: no such element: Unable to locate element: {"method":"xpath","selector":"//ul[@id='usr-menu']/li[5]/a"}
  (Session info: chrome=73.0.3683.86)
  (Driver info: chromedriver=2.37.544315 (730aa6a5fdba159ac9f4c1e8cbc59bf1b5ce12b7),platform=Windows NT 10.0.14393 x86_64) (WARNING: The server did not provide any stacktrace information)
Command duration or timeout: 0 milliseconds
For documentation on this error, please visit: https://www.seleniumhq.org/exceptions/no_such_element.html
Build info: version: '3.141.59', revision: 'e82be7d358', time: '2018-11-14T08:17:03'
System info: host: 'THANGAM-LT', ip: '10.0.0.2', os.name: 'Windows 10', os.arch: 'amd64', os.version: '10.0', java.version: '1.8.0_131'
Driver info: org.openqa.selenium.chrome.ChromeDriver
Capabilities {acceptInsecureCerts: false, acceptSslCerts: false, applicationCacheEnabled: false, browserConnectionEnabled: false, browserName: chrome, chrome: {chromedriverVersion: 2.37.544315 (730aa6a5fdba15..., userDataDir: C:\Users\sundar\AppData\Loc...}, cssSelectorsEnabled: true, databaseEnabled: false, handlesAlerts: true, hasTouchScreen: false, javascriptEnabled: true, locationContextEnabled: true, mobileEmulationEnabled: false, nativeEvents: true, networkConnectionEnabled: false, pageLoadStrategy: normal, platform: XP, platformName: XP, rotatable: false, setWindowRect: true, takesHeapSnapshot: true, takesScreenshot: true, unexpectedAlertBehaviour: , unhandledPromptBehavior: , version: 73.0.3683.86, webStorageEnabled: true}
Session ID: 4e259154bb9a03b04bbe386e5f35a50d
*** Element info: {Using=xpath, value=//ul[@id='usr-menu']/li[5]/a}
2019-03-27 18:56:18,428 [main] INFO Hybrid Framework - Opened URL
2019-03-27 18:56:28,436 [main] ERROR Hybrid Framework - Unable to open login page java.lang.NullPointerException
2019-03-27 18:56:28,562 [main] ERROR Hybrid Framework - Failed to enter the input for the element EmailID and the exception is org.openqa.selenium.NoSuchElementException: no such element: Unable to locate element: {"method":"id","selector":"email"}
  (Session info: chrome=73.0.3683.86)
  (Driver info: chromedriver=2.37.544315 (730aa6a5fdba159ac9f4c1e8cbc59bf1b5ce12b7),platform=Windows NT 10.0.14393 x86_64) (WARNING: The server did not provide any stacktrace information)
Command duration or timeout: 0 milliseconds
For documentation on this error, please visit: https://www.seleniumhq.org/exceptions/no_such_element.html
Build info: version: '3.141.59', revision: 'e82be7d358', time: '2018-11-14T08:17:03'
System info: host: 'THANGAM-LT', ip: '10.0.0.2', os.name: 'Windows 10', os.arch: 'amd64', os.version: '10.0', java.version: '1.8.0_131'
Driver info: org.openqa.selenium.chrome.ChromeDriver
Capabilities {acceptInsecureCerts: false, acceptSslCerts: false, applicationCacheEnabled: false, browserConnectionEnabled: false, browserName: chrome, chrome: {chromedriverVersion: 2.37.544315 (730aa6a5fdba15..., userDataDir: C:\Users\sundar\AppData\Loc...}, cssSelectorsEnabled: true, databaseEnabled: false, handlesAlerts: true, hasTouchScreen: false, javascriptEnabled: true, locationContextEnabled: true, mobileEmulationEnabled: false, nativeEvents: true, networkConnectionEnabled: false, pageLoadStrategy: normal, platform: XP, platformName: XP, rotatable: false, setWindowRect: true, takesHeapSnapshot: true, takesScreenshot: true, unexpectedAlertBehaviour: , unhandledPromptBehavior: , version: 73.0.3683.86, webStorageEnabled: true}
Session ID: 8dd7d8e6037852c1b898697da8bec134
*** Element info: {Using=id, value=email}
2019-03-27 18:56:28,617 [main] ERROR Hybrid Framework - Failed to enter the input for the element Password and the exception is org.openqa.selenium.NoSuchElementException: no such element: Unable to locate element: {"method":"id","selector":"pass"}
  (Session info: chrome=73.0.3683.86)
  (Driver info: chromedriver=2.37.544315 (730aa6a5fdba159ac9f4c1e8cbc59bf1b5ce12b7),platform=Windows NT 10.0.14393 x86_64) (WARNING: The server did not provide any stacktrace information)
Command duration or timeout: 0 milliseconds
For documentation on this error, please visit: https://www.seleniumhq.org/exceptions/no_such_element.html
Build info: version: '3.141.59', revision: 'e82be7d358', time: '2018-11-14T08:17:03'
System info: host: 'THANGAM-LT', ip: '10.0.0.2', os.name: 'Windows 10', os.arch: 'amd64', os.version: '10.0', java.version: '1.8.0_131'
Driver info: org.openqa.selenium.chrome.ChromeDriver
Capabilities {acceptInsecureCerts: false, acceptSslCerts: false, applicationCacheEnabled: false, browserConnectionEnabled: false, browserName: chrome, chrome: {chromedriverVersion: 2.37.544315 (730aa6a5fdba15..., userDataDir: C:\Users\sundar\AppData\Loc...}, cssSelectorsEnabled: true, databaseEnabled: false, handlesAlerts: true, hasTouchScreen: false, javascriptEnabled: true, locationContextEnabled: true, mobileEmulationEnabled: false, nativeEvents: true, networkConnectionEnabled: false, pageLoadStrategy: normal, platform: XP, platformName: XP, rotatable: false, setWindowRect: true, takesHeapSnapshot: true, takesScreenshot: true, unexpectedAlertBehaviour: , unhandledPromptBehavior: , version: 73.0.3683.86, webStorageEnabled: true}
Session ID: 8dd7d8e6037852c1b898697da8bec134
*** Element info: {Using=id, value=pass}
2019-03-27 18:56:28,659 [main] ERROR Hybrid Framework - Failed to click the element Login Button and the exception is org.openqa.selenium.NoSuchElementException: no such element: Unable to locate element: {"method":"xpath","selector":"//*[@id='send2']"}
  (Session info: chrome=73.0.3683.86)
  (Driver info: chromedriver=2.37.544315 (730aa6a5fdba159ac9f4c1e8cbc59bf1b5ce12b7),platform=Windows NT 10.0.14393 x86_64) (WARNING: The server did not provide any stacktrace information)
Command duration or timeout: 0 milliseconds
For documentation on this error, please visit: https://www.seleniumhq.org/exceptions/no_such_element.html
Build info: version: '3.141.59', revision: 'e82be7d358', time: '2018-11-14T08:17:03'
System info: host: 'THANGAM-LT', ip: '10.0.0.2', os.name: 'Windows 10', os.arch: 'amd64', os.version: '10.0', java.version: '1.8.0_131'
Driver info: org.openqa.selenium.chrome.ChromeDriver
Capabilities {acceptInsecureCerts: false, acceptSslCerts: false, applicationCacheEnabled: false, browserConnectionEnabled: false, browserName: chrome, chrome: {chromedriverVersion: 2.37.544315 (730aa6a5fdba15..., userDataDir: C:\Users\sundar\AppData\Loc...}, cssSelectorsEnabled: true, databaseEnabled: false, handlesAlerts: true, hasTouchScreen: false, javascriptEnabled: true, locationContextEnabled: true, mobileEmulationEnabled: false, nativeEvents: true, networkConnectionEnabled: false, pageLoadStrategy: normal, platform: XP, platformName: XP, rotatable: false, setWindowRect: true, takesHeapSnapshot: true, takesScreenshot: true, unexpectedAlertBehaviour: , unhandledPromptBehavior: , version: 73.0.3683.86, webStorageEnabled: true}
Session ID: 8dd7d8e6037852c1b898697da8bec134
*** Element info: {Using=xpath, value=//*[@id='send2']}
2019-03-27 18:56:29,665 [main] INFO Hybrid Framework - Login is successful
2019-03-27 18:56:29,810 [main] ERROR Hybrid Framework - Failed to mouse over and click the element Logout Link and the exception is org.openqa.selenium.NoSuchElementException: no such element: Unable to locate element: {"method":"xpath","selector":"//ul[@id='usr-menu']/li[5]/a"}
  (Session info: chrome=73.0.3683.86)
  (Driver info: chromedriver=2.37.544315 (730aa6a5fdba159ac9f4c1e8cbc59bf1b5ce12b7),platform=Windows NT 10.0.14393 x86_64) (WARNING: The server did not provide any stacktrace information)
Command duration or timeout: 0 milliseconds
For documentation on this error, please visit: https://www.seleniumhq.org/exceptions/no_such_element.html
Build info: version: '3.141.59', revision: 'e82be7d358', time: '2018-11-14T08:17:03'
System info: host: 'THANGAM-LT', ip: '10.0.0.2', os.name: 'Windows 10', os.arch: 'amd64', os.version: '10.0', java.version: '1.8.0_131'
Driver info: org.openqa.selenium.chrome.ChromeDriver
Capabilities {acceptInsecureCerts: false, acceptSslCerts: false, applicationCacheEnabled: false, browserConnectionEnabled: false, browserName: chrome, chrome: {chromedriverVersion: 2.37.544315 (730aa6a5fdba15..., userDataDir: C:\Users\sundar\AppData\Loc...}, cssSelectorsEnabled: true, databaseEnabled: false, handlesAlerts: true, hasTouchScreen: false, javascriptEnabled: true, locationContextEnabled: true, mobileEmulationEnabled: false, nativeEvents: true, networkConnectionEnabled: false, pageLoadStrategy: normal, platform: XP, platformName: XP, rotatable: false, setWindowRect: true, takesHeapSnapshot: true, takesScreenshot: true, unexpectedAlertBehaviour: , unhandledPromptBehavior: , version: 73.0.3683.86, webStorageEnabled: true}
Session ID: 8dd7d8e6037852c1b898697da8bec134
*** Element info: {Using=xpath, value=//ul[@id='usr-menu']/li[5]/a}
2019-03-27 18:57:15,547 [main] INFO Hybrid Framework - Opened URL
2019-03-27 18:57:19,961 [main] INFO Hybrid Framework - Mouseover and click is successful for the element LoginLink
2019-03-27 18:57:20,386 [main] INFO Hybrid Framework - Passed keys to the element EmailID
2019-03-27 18:57:20,658 [main] INFO Hybrid Framework - Passed keys to the element Password
2019-03-27 18:57:22,127 [main] INFO Hybrid Framework - Clicked the element Login Button
2019-03-27 18:57:23,134 [main] INFO Hybrid Framework - Login is successful
2019-03-27 18:57:23,234 [main] ERROR Hybrid Framework - Failed to mouse over and click the element Logout Link and the exception is org.openqa.selenium.NoSuchElementException: no such element: Unable to locate element: {"method":"xpath","selector":"//ul[@id='usr-menu']/li[5]/a"}
  (Session info: chrome=73.0.3683.86)
  (Driver info: chromedriver=2.37.544315 (730aa6a5fdba159ac9f4c1e8cbc59bf1b5ce12b7),platform=Windows NT 10.0.14393 x86_64) (WARNING: The server did not provide any stacktrace information)
Command duration or timeout: 0 milliseconds
For documentation on this error, please visit: https://www.seleniumhq.org/exceptions/no_such_element.html
Build info: version: '3.141.59', revision: 'e82be7d358', time: '2018-11-14T08:17:03'
System info: host: 'THANGAM-LT', ip: '10.0.0.2', os.name: 'Windows 10', os.arch: 'amd64', os.version: '10.0', java.version: '1.8.0_131'
Driver info: org.openqa.selenium.chrome.ChromeDriver
Capabilities {acceptInsecureCerts: false, acceptSslCerts: false, applicationCacheEnabled: false, browserConnectionEnabled: false, browserName: chrome, chrome: {chromedriverVersion: 2.37.544315 (730aa6a5fdba15..., userDataDir: C:\Users\sundar\AppData\Loc...}, cssSelectorsEnabled: true, databaseEnabled: false, handlesAlerts: true, hasTouchScreen: false, javascriptEnabled: true, locationContextEnabled: true, mobileEmulationEnabled: false, nativeEvents: true, networkConnectionEnabled: false, pageLoadStrategy: normal, platform: XP, platformName: XP, rotatable: false, setWindowRect: true, takesHeapSnapshot: true, takesScreenshot: true, unexpectedAlertBehaviour: , unhandledPromptBehavior: , version: 73.0.3683.86, webStorageEnabled: true}
Session ID: 34f8d902d2a29c68c0999c4264dacbf9
*** Element info: {Using=xpath, value=//ul[@id='usr-menu']/li[5]/a}
2019-03-27 19:04:09,761 [main] INFO Hybrid Framework - Opened URL
2019-03-27 19:04:14,039 [main] INFO Hybrid Framework - Mouseover and click is successful for the element LoginLink
2019-03-27 19:04:14,488 [main] INFO Hybrid Framework - Passed keys to the element EmailID
2019-03-27 19:04:14,684 [main] INFO Hybrid Framework - Passed keys to the element Password
2019-03-27 19:04:14,846 [main] INFO Hybrid Framework - Clicked the element Login Button
2019-03-27 19:04:15,848 [main] INFO Hybrid Framework - Login is successful
2019-03-27 19:04:15,973 [main] ERROR Hybrid Framework - Failed to mouse over and click the element Logout Link and the exception is org.openqa.selenium.NoSuchElementException: no such element: Unable to locate element: {"method":"xpath","selector":"//ul[@id='usr-menu']/li[5]/a"}
  (Session info: chrome=73.0.3683.86)
  (Driver info: chromedriver=2.37.544315 (730aa6a5fdba159ac9f4c1e8cbc59bf1b5ce12b7),platform=Windows NT 10.0.14393 x86_64) (WARNING: The server did not provide any stacktrace information)
Command duration or timeout: 0 milliseconds
For documentation on this error, please visit: https://www.seleniumhq.org/exceptions/no_such_element.html
Build info: version: '3.141.59', revision: 'e82be7d358', time: '2018-11-14T08:17:03'
System info: host: 'THANGAM-LT', ip: '10.0.0.2', os.name: 'Windows 10', os.arch: 'amd64', os.version: '10.0', java.version: '1.8.0_131'
Driver info: org.openqa.selenium.chrome.ChromeDriver
Capabilities {acceptInsecureCerts: false, acceptSslCerts: false, applicationCacheEnabled: false, browserConnectionEnabled: false, browserName: chrome, chrome: {chromedriverVersion: 2.37.544315 (730aa6a5fdba15..., userDataDir: C:\Users\sundar\AppData\Loc...}, cssSelectorsEnabled: true, databaseEnabled: false, handlesAlerts: true, hasTouchScreen: false, javascriptEnabled: true, locationContextEnabled: true, mobileEmulationEnabled: false, nativeEvents: true, networkConnectionEnabled: false, pageLoadStrategy: normal, platform: XP, platformName: XP, rotatable: false, setWindowRect: true, takesHeapSnapshot: true, takesScreenshot: true, unexpectedAlertBehaviour: , unhandledPromptBehavior: , version: 73.0.3683.86, webStorageEnabled: true}
Session ID: 9f07f1ca55358b8755bd1d4f34b94724
*** Element info: {Using=xpath, value=//ul[@id='usr-menu']/li[5]/a}
2019-03-27 19:05:07,912 [main] INFO Hybrid Framework - Opened URL
2019-03-27 19:05:12,459 [main] INFO Hybrid Framework - Mouseover and click is successful for the element LoginLink
2019-03-27 19:05:12,904 [main] INFO Hybrid Framework - Passed keys to the element EmailID
2019-03-27 19:05:13,149 [main] INFO Hybrid Framework - Passed keys to the element Password
2019-03-27 19:05:15,851 [main] INFO Hybrid Framework - Clicked the element Login Button
2019-03-27 19:05:16,856 [main] INFO Hybrid Framework - Login is successful
2019-03-27 19:05:18,086 [main] INFO Hybrid Framework - Mouseover and click is successful for the element Logout Link
2019-03-27 19:09:33,298 [main] INFO Hybrid Framework - Opened URL
2019-03-27 19:09:37,566 [main] INFO Hybrid Framework - Mouseover and click is successful for the element LoginLink
2019-03-27 19:09:37,908 [main] INFO Hybrid Framework - Passed keys to the element EmailID
2019-03-27 19:09:38,114 [main] INFO Hybrid Framework - Passed keys to the element Password
2019-03-27 19:09:41,016 [main] INFO Hybrid Framework - Clicked the element Login Button
2019-03-27 19:09:42,017 [main] INFO Hybrid Framework - Login is successful
2019-03-27 19:09:43,939 [main] INFO Hybrid Framework - Mouseover and click is successful for the element MyAccountPage
2019-03-27 19:09:45,376 [main] INFO Hybrid Framework - Clicked the element Change Password Tab
2019-03-27 19:09:45,633 [main] INFO Hybrid Framework - Passed keys to the element Current Password
2019-03-27 19:09:45,884 [main] INFO Hybrid Framework - Passed keys to the element New Password
2019-03-27 19:09:46,130 [main] INFO Hybrid Framework - Passed keys to the element Confirm Password
2019-03-27 19:09:48,953 [main] INFO Hybrid Framework - Clicked the element Submit button of Change Password
2019-03-27 19:09:53,346 [main] INFO Hybrid Framework - Mouseover and click is successful for the element Logout Link
2019-03-27 19:09:53,348 [main] INFO Hybrid Framework - Change Password is successful
2019-03-27 19:14:15,501 [main] INFO Hybrid Framework - Opened URL
2019-03-27 19:14:20,053 [main] INFO Hybrid Framework - Mouseover and click is successful for the element LoginLink
2019-03-27 19:14:20,470 [main] INFO Hybrid Framework - Passed keys to the element EmailID
2019-03-27 19:14:20,696 [main] INFO Hybrid Framework - Passed keys to the element Password
2019-03-27 19:14:23,565 [main] INFO Hybrid Framework - Clicked the element Login Button
2019-03-27 19:14:24,565 [main] INFO Hybrid Framework - Login is successful
2019-03-27 19:14:26,471 [main] INFO Hybrid Framework - Mouseover and click is successful for the element MyAccountPage
2019-03-27 19:14:28,049 [main] INFO Hybrid Framework - Clicked the element Change Password Tab
2019-03-27 19:14:28,301 [main] INFO Hybrid Framework - Passed keys to the element Current Password
2019-03-27 19:14:28,545 [main] INFO Hybrid Framework - Passed keys to the element New Password
2019-03-27 19:14:28,789 [main] INFO Hybrid Framework - Passed keys to the element Confirm Password
2019-03-27 19:14:31,189 [main] INFO Hybrid Framework - Clicked the element Submit button of Change Password
2019-03-27 19:14:35,521 [main] INFO Hybrid Framework - Mouseover and click is successful for the element Logout Link
2019-03-27 19:14:35,521 [main] INFO Hybrid Framework - Change Password is successful
2019-03-27 20:29:49,674 [main] INFO Hybrid Framework - Opened URL
2019-03-27 20:29:53,928 [main] INFO Hybrid Framework - Mouseover and click is successful for the element LoginLink
2019-03-27 20:29:54,331 [main] INFO Hybrid Framework - Passed keys to the element EmailID
2019-03-27 20:29:54,538 [main] INFO Hybrid Framework - Passed keys to the element Password
2019-03-27 20:29:57,023 [main] INFO Hybrid Framework - Clicked the element Login Button
2019-03-27 20:29:58,024 [main] INFO Hybrid Framework - Login is successful
2019-03-27 20:29:59,702 [main] INFO Hybrid Framework - Mouseover and click is successful for the element MyAccountPage
2019-03-27 20:30:00,876 [main] INFO Hybrid Framework - Clicked the element Change Password Tab
2019-03-27 20:30:01,084 [main] INFO Hybrid Framework - Passed keys to the element Current Password
2019-03-27 20:30:01,338 [main] INFO Hybrid Framework - Passed keys to the element New Password
2019-03-27 20:30:01,586 [main] INFO Hybrid Framework - Passed keys to the element Confirm Password
2019-03-27 20:30:03,944 [main] INFO Hybrid Framework - Clicked the element Submit button of Change Password
2019-03-27 20:30:08,131 [main] INFO Hybrid Framework - Mouseover and click is successful for the element Logout Link
2019-03-27 20:30:08,131 [main] INFO Hybrid Framework - Change Password is successful
2019-03-27 20:45:42,274 [main] INFO Hybrid Framework - Opened URL
2019-03-27 20:45:46,893 [main] INFO Hybrid Framework - Mouseover and click is successful for the element LoginLink
2019-03-27 20:45:47,215 [main] INFO Hybrid Framework - Passed keys to the element EmailID
2019-03-27 20:45:47,408 [main] INFO Hybrid Framework - Passed keys to the element Password
2019-03-27 20:45:51,314 [main] INFO Hybrid Framework - Clicked the element Login Button
2019-03-27 20:45:52,315 [main] INFO Hybrid Framework - Login is successful
2019-03-27 20:45:54,572 [main] INFO Hybrid Framework - Mouseover and click is successful for the element MyAccountPage
2019-03-27 20:45:56,026 [main] INFO Hybrid Framework - Clicked the element Change Password Tab
2019-03-27 20:45:56,265 [main] INFO Hybrid Framework - Passed keys to the element Current Password
2019-03-27 20:45:56,485 [main] INFO Hybrid Framework - Passed keys to the element New Password
2019-03-27 20:45:56,739 [main] INFO Hybrid Framework - Passed keys to the element Confirm Password
2019-03-27 20:45:59,709 [main] INFO Hybrid Framework - Clicked the element Submit button of Change Password
2019-03-27 20:46:04,200 [main] INFO Hybrid Framework - Mouseover and click is successful for the element Logout Link
2019-03-27 20:46:04,201 [main] INFO Hybrid Framework - Change Password is successful
2019-03-28 14:26:13,012 [main] INFO Hybrid Framework - Opened URL
2019-03-28 14:26:17,292 [main] INFO Hybrid Framework - Mouseover and click is successful for the element LoginLink
2019-03-28 14:26:17,694 [main] INFO Hybrid Framework - Passed keys to the element EmailID
2019-03-28 14:26:17,898 [main] INFO Hybrid Framework - Passed keys to the element Password
2019-03-28 14:26:20,955 [main] INFO Hybrid Framework - Clicked the element Login Button
2019-03-28 14:26:21,956 [main] INFO Hybrid Framework - Login is successful
2019-03-28 14:26:23,755 [main] INFO Hybrid Framework - Mouseover and click is successful for the element MyAccountPage
2019-03-28 14:26:25,139 [main] INFO Hybrid Framework - Clicked the element Change Password Tab
2019-03-28 14:26:25,366 [main] INFO Hybrid Framework - Passed keys to the element Current Password
2019-03-28 14:26:25,587 [main] INFO Hybrid Framework - Passed keys to the element New Password
2019-03-28 14:26:25,803 [main] INFO Hybrid Framework - Passed keys to the element Confirm Password
2019-03-28 14:26:28,781 [main] INFO Hybrid Framework - Clicked the element Submit button of Change Password
2019-03-28 14:26:33,121 [main] INFO Hybrid Framework - Mouseover and click is successful for the element Logout Link
2019-03-28 14:26:33,121 [main] INFO Hybrid Framework - Change Password is successful
2019-03-28 14:41:22,874 [main] INFO Hybrid Framework - Opened URL
2019-03-28 14:41:27,174 [main] INFO Hybrid Framework - Mouseover and click is successful for the element LoginLink
2019-03-28 14:41:27,521 [main] INFO Hybrid Framework - Passed keys to the element EmailID
2019-03-28 14:41:27,701 [main] INFO Hybrid Framework - Passed keys to the element Password
2019-03-28 14:41:30,663 [main] INFO Hybrid Framework - Clicked the element Login Button
2019-03-28 14:41:31,684 [main] INFO Hybrid Framework - Login is successful
2019-03-28 14:41:32,838 [main] INFO Hybrid Framework - Mouseover and click is successful for the element Logout Link
2019-03-28 14:43:05,793 [main] INFO Hybrid Framework - Opened URL
2019-03-28 14:43:10,051 [main] INFO Hybrid Framework - Mouseover and click is successful for the element LoginLink
2019-03-28 14:43:10,532 [main] INFO Hybrid Framework - Passed keys to the element EmailID
2019-03-28 14:43:10,749 [main] INFO Hybrid Framework - Passed keys to the element Password
2019-03-28 14:43:13,564 [main] INFO Hybrid Framework - Clicked the element Login Button
2019-03-28 14:43:14,567 [main] INFO Hybrid Framework - Login is successful
2019-03-28 14:43:15,801 [main] INFO Hybrid Framework - Mouseover and click is successful for the element Logout Link
2019-03-28 14:45:17,349 [main] INFO Hybrid Framework - Opened URL
2019-03-28 14:45:21,695 [main] INFO Hybrid Framework - Mouseover and click is successful for the element LoginLink
2019-03-28 14:45:22,130 [main] INFO Hybrid Framework - Passed keys to the element EmailID
2019-03-28 14:45:22,342 [main] INFO Hybrid Framework - Passed keys to the element Password
2019-03-28 14:45:24,944 [main] INFO Hybrid Framework - Clicked the element Login Button
2019-03-28 14:45:25,945 [main] INFO Hybrid Framework - Login is successful
2019-03-28 14:45:27,109 [main] INFO Hybrid Framework - Mouseover and click is successful for the element Logout Link
2019-03-28 14:50:04,831 [main] INFO Hybrid Framework - Opened URL
2019-03-28 14:50:07,938 [main] INFO Hybrid Framework - Element Hightlighted successfullyaccountHeader
2019-03-28 14:50:09,260 [main] INFO Hybrid Framework - Mouseover and click is successful for the element LoginLink
2019-03-28 14:50:09,684 [main] INFO Hybrid Framework - Passed keys to the element EmailID
2019-03-28 14:50:09,904 [main] INFO Hybrid Framework - Passed keys to the element Password
2019-03-28 14:50:09,956 [main] INFO Hybrid Framework - Element Hightlighted successfullyloginButton
2019-03-28 14:50:13,116 [main] INFO Hybrid Framework - Clicked the element Login Button
2019-03-28 14:50:14,119 [main] INFO Hybrid Framework - Login is successful
2019-03-28 14:50:14,181 [main] INFO Hybrid Framework - Element Hightlighted successfullyaccountHeader
2019-03-28 14:50:15,940 [main] INFO Hybrid Framework - Mouseover and click is successful for the element MyAccountPage
2019-03-28 14:50:15,996 [main] INFO Hybrid Framework - Element Hightlighted successfullychangePassword
2019-03-28 14:50:17,197 [main] INFO Hybrid Framework - Clicked the element Change Password Tab
2019-03-28 14:50:17,422 [main] INFO Hybrid Framework - Passed keys to the element Current Password
2019-03-28 14:50:17,662 [main] INFO Hybrid Framework - Passed keys to the element New Password
2019-03-28 14:50:17,882 [main] INFO Hybrid Framework - Passed keys to the element Confirm Password
2019-03-28 14:50:17,930 [main] INFO Hybrid Framework - Element Hightlighted successfullychangePasswordSubmit
2019-03-28 14:50:20,171 [main] INFO Hybrid Framework - Clicked the element Submit button of Change Password
2019-03-28 14:50:23,272 [main] INFO Hybrid Framework - Element Hightlighted successfullylogoutLink
2019-03-28 14:50:24,495 [main] INFO Hybrid Framework - Mouseover and click is successful for the element Logout Link
2019-03-28 14:50:24,499 [main] INFO Hybrid Framework - Change Password is successful
2019-03-28 14:53:44,042 [main] INFO Hybrid Framework - Opened URL
2019-03-28 14:53:47,119 [main] INFO Hybrid Framework - Element Hightlighted successfully accountHeader
2019-03-28 14:53:48,243 [main] INFO Hybrid Framework - Mouseover and click is successful for the element LoginLink
2019-03-28 14:53:48,679 [main] INFO Hybrid Framework - Passed keys to the element EmailID
2019-03-28 14:53:48,899 [main] INFO Hybrid Framework - Passed keys to the element Password
2019-03-28 14:53:48,948 [main] INFO Hybrid Framework - Element Hightlighted successfully loginButton
2019-03-28 14:53:51,740 [main] INFO Hybrid Framework - Clicked the element Login Button
2019-03-28 14:53:52,746 [main] INFO Hybrid Framework - Login is successful
2019-03-28 14:53:52,815 [main] INFO Hybrid Framework - Element Hightlighted successfully logoutLink
2019-03-28 14:53:53,979 [main] INFO Hybrid Framework - Mouseover and click is successful for the element Logout Link
